<?xml version="1.0" encoding="UTF-8"?>
<!-- Generated by org.testng.reporters.JUnitReportReporter -->
<testsuite hostname="DuhaMarridi" failures="0" tests="5" name="testCases.lesson10" time="0.785" errors="0" timestamp="2023-12-02T19:30:07 EET" skipped="3">
  <testcase classname="testCases.lesson10" name="tst" time="0.005"/>
  <system-out/>
  <testcase classname="testCases.lesson10" name="LoginTest" time="0.780"/>
  <system-out/>
  <testcase classname="testCases.lesson10" name="PrintTheNamesOfAllItems">
    <skipped/>
  </testcase> <!-- PrintTheNamesOfAllItems -->
  <system-out/>
  <testcase classname="testCases.lesson10" name="PrintTheNameOFTheFirstITems">
    <skipped/>
  </testcase> <!-- PrintTheNameOFTheFirstITems -->
  <system-out/>
  <testcase classname="testCases.lesson10" name="PressOnAllItems">
    <skipped/>
  </testcase> <!-- PressOnAllItems -->
  <system-out/>
</testsuite> <!-- testCases.lesson10 -->
